[00:00:47] [Server thread/INFO]: XFighter009 was shot by Skeleton
[00:00:56] [Server thread/INFO]: [Not Secure] <XFighter009> lavdeeeeee day karna
[00:01:03] [Server thread/INFO]: Set minecraft:overworld to time marker minecraft:day
[00:01:11] [Server thread/INFO]: [Not Secure] <blankslope> kr diya
[00:01:15] [Server thread/INFO]: [Not Secure] <blankslope> thuderstorm hai
[00:01:29] [Server thread/INFO]: [Not Secure] <SamWise> type
[00:01:36] [Server thread/INFO]: [Not Secure] <SamWise> type /weather clear
[00:01:49] [Server thread/INFO]: Set the weather to clear
[00:02:11] [Server thread/INFO]: [Not Secure] <XFighter009> bachaaaa
[00:03:22] [Server thread/INFO]: [Not Secure] <blankslope> torch smone
[00:04:55] [Server thread/INFO]: SamWise lost connection: Disconnected
[00:04:56] [Server thread/INFO]: SamWise left the game
[00:07:04] [Server thread/INFO]: [Not Secure] <XFighter009> gateband
[00:07:25] [Server thread/INFO]: [Not Secure] <blankslope> ye dirt nikaalke
[00:07:31] [Server thread/INFO]: [Not Secure] <XFighter009> lavcde
[00:07:36] [Server thread/INFO]: [Not Secure] <XFighter009> ruknq
[00:08:40] [Server thread/INFO]: [Not Secure] <XFighter009> ye todke fence gate sab mere gharpe rhakde
[00:08:59] [Server thread/INFO]: [Not Secure] <XFighter009> band kara
[00:09:01] [Server thread/INFO]: [Not Secure] <XFighter009> mr
[00:09:05] [Server thread/INFO]: [Not Secure] <XFighter009> byuee
[00:09:09] [Server thread/INFO]: XFighter009 lost connection: Disconnected
[00:09:09] [Server thread/INFO]: XFighter009 left the game
[00:10:31] [Server thread/INFO]: Set minecraft:overworld to time marker minecraft:day
[00:15:28] [Server thread/INFO]: SamWise[/127.157.239.190:62992] logged in with entity id 14944 at (-187.97829420140323, 103.0, 24.298885106726008)
[00:15:28] [Server thread/INFO]: SamWise joined the game
[00:19:48] [Server thread/INFO]: Set minecraft:overworld to time marker minecraft:day
[00:28:51] [Server thread/INFO]: Set minecraft:overworld to time marker minecraft:day
[00:29:00] [Server thread/INFO]: [Not Secure] <blankslope> sameep torch
[00:37:53] [Server thread/INFO]: Set minecraft:overworld to time marker minecraft:day
[00:45:58] [Server thread/INFO]: shikamaru2o[/127.146.41.51:49269] logged in with entity id 19699 at (-135.66319920639646, 98.0, 53.85597495525175)
[00:45:58] [Server thread/INFO]: shikamaru2o joined the game
[00:47:01] [Server thread/INFO]: Set minecraft:overworld to time marker minecraft:day
[00:47:13] [Server thread/INFO]: [Not Secure] <shikamaru2o> how much are u gonna clear
[00:47:28] [Server thread/INFO]: [Not Secure] <blankslope> tismuch
[00:47:38] [Server thread/INFO]: [Not Secure] <blankslope> till where im standing
[00:48:14] [Server thread/INFO]: [Not Secure] <shikamaru2o> bohot bada project hai kya
[00:48:20] [Server thread/INFO]: [Not Secure] <blankslope> ha
[00:48:36] [Server thread/INFO]: [Not Secure] <shikamaru2o> planned hai pura?
[00:48:46] [Server thread/INFO]: [Not Secure] <blankslope> socha hai
[00:51:39] [Server thread/INFO]: [Not Secure] <blankslope> can you help me with shovels axe and pickaxe
[00:51:53] [Server thread/INFO]: [Not Secure] <shikamaru2o> ok
[00:52:37] [Server thread/INFO]: SamWise lost connection: Disconnected
[00:52:37] [Server thread/INFO]: SamWise left the game
[00:52:40] [Server thread/INFO]: SamWise[/127.157.239.190:59987] logged in with entity id 20749 at (-189.1206755078377, 103.0, 27.922875037316505)
[00:52:40] [Server thread/INFO]: SamWise joined the game
[00:52:45] [Server thread/INFO]: [Not Secure] <blankslope> whose cat is this
[00:52:48] [Server thread/INFO]: [Not Secure] <shikamaru2o> take
[00:56:23] [Server thread/INFO]: Set minecraft:overworld to time marker minecraft:day
[00:59:32] [Server thread/INFO]: Set the weather to clear
[01:02:27] [Server thread/INFO]: [Not Secure] <shikamaru2o> i hear zombies
[01:02:57] [Server thread/INFO]: [Not Secure] <blankslope> wht does tht mean
[01:02:58] [Server thread/INFO]: [Not Secure] <SamWise> dint
[01:03:00] [Server thread/INFO]: [Not Secure] <SamWise> stop
[01:03:06] [Server thread/INFO]: [Not Secure] <shikamaru2o> shit my bad
[01:03:06] [Server thread/INFO]: [Not Secure] <SamWise> let it be
[01:04:08] [Server thread/INFO]: [Not Secure] <shikamaru2o> do u hear zombies too
[01:04:15] [Server thread/INFO]: [Not Secure] <blankslope> no
[01:05:00] [Server thread/INFO]: [Not Secure] <shikamaru2o> come here
[01:05:04] [Server thread/INFO]: [Not Secure] <shikamaru2o> stand here
[01:05:11] [Server thread/INFO]: [Not Secure] <shikamaru2o> theres too much noise
[01:05:41] [Server thread/INFO]: [Not Secure] <shikamaru2o> idhai hi
[01:05:46] [Server thread/INFO]: [Not Secure] <shikamaru2o> aara awaz
[01:05:50] [Server thread/INFO]: [Not Secure] <blankslope> ha
[01:06:03] [Server thread/INFO]: [Not Secure] <shikamaru2o> where lmao
[01:06:22] [Server thread/INFO]: [Not Secure] <blankslope> vaha hamesha hota hia
[01:06:26] [Server thread/INFO]: Set the weather to clear
[01:06:28] [Server thread/INFO]: Set minecraft:overworld to time marker minecraft:day
[01:07:34] [Server thread/INFO]: [Not Secure] <SamWise> sarak
[01:07:36] [Server thread/INFO]: [Not Secure] <blankslope> where they going
[01:07:47] [Server thread/INFO]: [Not Secure] <SamWise> running away
[01:09:23] [Server thread/INFO]: [Not Secure] <blankslope> give it to sameep
[01:13:39] [Server thread/WARN]: shikamaru2o moved too quickly! -9.913572143309025,2.0,-0.7240126681742254
[01:14:10] [Server thread/INFO]: [Not Secure] <shikamaru2o> joash why is your horse here
[01:15:08] [Server thread/INFO]: [Not Secure] <blankslope> where
[01:15:34] [Server thread/INFO]: [Not Secure] <shikamaru2o> here
[01:15:42] [Server thread/INFO]: [Not Secure] <shikamaru2o> in the bridge
[01:15:51] [Server thread/INFO]: Set minecraft:overworld to time marker minecraft:day
[01:16:03] [Server thread/INFO]: [Not Secure] <shikamaru2o> hes stuck
[01:16:44] [Server thread/INFO]: [Not Secure] <blankslope> thts not mine
[01:16:49] [Server thread/INFO]: [Not Secure] <blankslope> thts sameeps
[01:16:55] [Server thread/INFO]: [Not Secure] <shikamaru2o> oh
[01:17:32] [Server thread/INFO]: [Not Secure] <blankslope> u got a lead on u?
[01:17:43] [Server thread/INFO]: [Not Secure] <shikamaru2o> nicee
[01:21:34] [Server thread/INFO]: [Not Secure] <SamWise> can u make it night for 5 secs ish
[01:22:11] [Server thread/INFO]: Set minecraft:overworld to time marker minecraft:night
[01:22:12] [Server thread/INFO]: [Not Secure] <SamWise> wait
[01:22:18] [Server thread/INFO]: Set minecraft:overworld to time marker minecraft:day
[01:22:23] [Server thread/INFO]: [Not Secure] <SamWise> perfect
[01:22:26] [Server thread/INFO]: [Not Secure] <SamWise> mwahh
[01:23:00] [Server thread/INFO]: [Not Secure] <SamWise> sarak ek min
[01:23:01] [Server thread/INFO]: [Not Secure] <shikamaru2o> oh u got silk touch
[01:23:14] [Server thread/INFO]: [Not Secure] <blankslope> whts happening in here
[01:23:24] [Server thread/INFO]: [Not Secure] <shikamaru2o> we are gonna start trading
[01:23:38] [Server thread/INFO]: [Not Secure] <SamWise> joash just let it be i dont have energy to expalin
[01:23:57] [Server thread/INFO]: [Not Secure] <shikamaru2o> basically we give emeralds in exchange for stuff
[01:24:09] [Server thread/INFO]: [Not Secure] <shikamaru2o> with more trades they start giving more op loot
[01:24:21] [Server thread/INFO]: [Not Secure] <blankslope> aaah ok
[01:24:25] [Server thread/INFO]: [Not Secure] <SamWise> i really wanted mending but thak gaya mai
[01:24:34] [Server thread/INFO]: [Not Secure] <shikamaru2o> man
[01:24:41] [Server thread/INFO]: [Not Secure] <shikamaru2o> kal karle na
[01:24:53] [Server thread/INFO]: [Not Secure] <SamWise> ek min
[01:25:20] [Server thread/INFO]: Set the weather to clear
[01:31:05] [Server thread/INFO]: [Not Secure] <shikamaru2o> sameep tujhe trail chamber nhi mila na
[01:31:12] [Server thread/INFO]: [Not Secure] <SamWise> nahi mila
[01:31:32] [Server thread/INFO]: Set minecraft:overworld to time marker minecraft:day
[01:32:07] [Server thread/INFO]: [Not Secure] <SamWise> yayyy more babies
[01:32:26] [Server thread/INFO]: [Not Secure] <SamWise> should we name the villagers
[01:32:31] [Server thread/INFO]: [Not Secure] <SamWise> NIGGA 1
[01:32:34] [Server thread/INFO]: [Not Secure] <SamWise> NIGGA 2
[01:32:37] [Server thread/INFO]: [Not Secure] <SamWise> NIGGA 3
[01:32:41] [Server thread/INFO]: [Not Secure] <SamWise> NIGGA 4
[01:32:58] [Server thread/INFO]: [Not Secure] <blankslope> give em badges
[01:33:13] [Server thread/INFO]: [Not Secure] <shikamaru2o> im off to find a trail chamber for a mace
[01:33:55] [Server thread/INFO]: [Not Secure] <shikamaru2o> apne version mein haina sameep
[01:34:04] [Server thread/INFO]: [Not Secure] <SamWise> ya'
[01:34:08] [Server thread/INFO]: [Not Secure] <SamWise> do u have a map
[01:34:27] [Server thread/INFO]: [Not Secure] <shikamaru2o> no im gonna strip mine
[01:34:34] [Server thread/INFO]: [Not Secure] <SamWise> bruh ok all the best
[01:34:47] [Server thread/INFO]: [Not Secure] <shikamaru2o> apne paas hai kya cartographer?
[01:35:00] [Server thread/INFO]: [Not Secure] <SamWise> nahi but bana hai toh bol
[01:35:06] [Server thread/INFO]: [Not Secure] <SamWise> kal tak ban jaega
[01:35:08] [Server thread/INFO]: [Not Secure] <shikamaru2o> haa bana na'
[01:36:25] [Server thread/INFO]: [Not Secure] <shikamaru2o> im trading with fletcher bana na plz
[01:39:05] [Server thread/INFO]: shikamaru2o has made the advancement [What a Deal!]
[01:40:09] [Server thread/INFO]: [Not Secure] <SamWise> kya bakwaas librarians hai
[01:40:17] [Server thread/INFO]: [Not Secure] <shikamaru2o> lmaoo
[01:40:40] [Server thread/INFO]: [Not Secure] <SamWise> wanna watch se
[01:40:43] [Server thread/INFO]: [Not Secure] <SamWise> sex
[01:40:55] [Server thread/INFO]: Set minecraft:overworld to time marker minecraft:day
[01:40:55] [Server thread/INFO]: [Not Secure] <shikamaru2o> nahhh im good
[01:40:58] [Server thread/INFO]: [Not Secure] <SamWise> make it day
[01:41:07] [Server thread/INFO]: [Not Secure] <blankslope> otw
[01:41:09] [Server thread/INFO]: [Not Secure] <shikamaru2o> although id like a carto please baby
[01:41:19] [Server thread/INFO]: [Not Secure] <SamWise> joash come here quick
[01:41:34] [Server thread/INFO]: [Not Secure] <SamWise> o joashhh
[01:41:43] [Server thread/INFO]: [Not Secure] <SamWise> cmere
[01:41:50] [Server thread/INFO]: [Not Secure] <SamWise> dont fall
[01:42:12] [Server thread/INFO]: [Not Secure] <SamWise> now here
[01:42:25] [Server thread/INFO]: [Not Secure] <shikamaru2o> yoooo golem spaswned
[01:42:32] [Server thread/INFO]: [Not Secure] <SamWise> my g
[01:42:37] [Server thread/INFO]: [Not Secure] <SamWise> joash he is a friend
[01:42:40] [Server thread/INFO]: [Not Secure] <SamWise> dont kill him
[01:42:44] [Server thread/INFO]: [Not Secure] <blankslope> ok
[01:42:46] [Server thread/INFO]: [Not Secure] <SamWise> he will kill zombies
[01:42:52] [Server thread/INFO]: [Not Secure] <shikamaru2o> attack him galti se he will kill you
[01:42:52] [Server thread/INFO]: [Not Secure] <blankslope> ohhhh nice
[01:43:06] [Server thread/INFO]: [Not Secure] <SamWise> joash stay here near glass
[01:43:43] [Server thread/INFO]: [Not Secure] <SamWise> who took all the bread>?
[01:44:00] [Server thread/INFO]: [Not Secure] <SamWise> farmer doing good job out here anyways
[01:45:13] [Server thread/INFO]: [Not Secure] <SamWise> where is the farmer
[01:45:21] [Server thread/INFO]: [Not Secure] <shikamaru2o> dk lolol
[01:45:50] [Server thread/INFO]: [Not Secure] <SamWise> no more babies?
[01:46:26] [Server thread/INFO]: [Not Secure] <blankslope> ok time to sleep
[01:46:52] [Server thread/INFO]: [Not Secure] <shikamaru2o> divorce lere shayad
[01:47:04] [Server thread/INFO]: [Not Secure] <SamWise> nahi nahi karenge dekhna
[01:47:43] [Server thread/INFO]: [Not Secure] <SamWise> consent leray
[01:47:48] [Server thread/INFO]: [Not Secure] <shikamaru2o> ohh
[01:48:04] [Server thread/INFO]: [Not Secure] <SamWise> bhai kuch bhi bolo bebe to cutie hai
[01:48:10] [Server thread/INFO]: [Not Secure] <shikamaru2o> haa
[01:49:44] [Server thread/INFO]: [Not Secure] <SamWise> shikamaru!!!1
[01:50:01] [Server thread/INFO]: [Not Secure] <SamWise> joash come quickk
[01:50:18] [Server thread/INFO]: [Not Secure] <shikamaru2o> waht\
[01:50:25] [Server thread/INFO]: [Not Secure] <SamWise> make it day
[01:50:35] [Server thread/INFO]: Set minecraft:overworld to time marker minecraft:day
[01:50:57] [Server thread/INFO]: [Not Secure] <shikamaru2o> so do they make babies everyday?
[01:51:01] [Server thread/INFO]: [Not Secure] <SamWise> yayyyy
[01:51:19] [Server thread/INFO]: [Not Secure] <SamWise> cutie patootie
[01:51:33] [Server thread/INFO]: [Not Secure] <SamWise> kaisa laga joash
[01:51:47] [Server thread/INFO]: [Not Secure] <blankslope> hes got a better life than me
[01:51:57] [Server thread/INFO]: [Not Secure] <blankslope> sex life
[01:52:01] [Server thread/INFO]: [Not Secure] <SamWise> joash bura mat maan
[01:52:07] [Server thread/INFO]: [Not Secure] <SamWise> par tu ye kya banaray
[01:52:11] [Server thread/INFO]: [Not Secure] <blankslope> fuck you
[01:52:17] [Server thread/INFO]: [Not Secure] <shikamaru2o> lol
[01:52:22] [Server thread/INFO]: [Not Secure] <blankslope> my house
[01:52:28] [Server thread/INFO]: [Not Secure] <SamWise> like its been a while and tere ghar mein koi changes nahi dikh raahe hai
[01:52:29] [Server thread/INFO]: [Not Secure] <shikamaru2o> let him cook
[01:52:31] [Server thread/INFO]: [Not Secure] <SamWise> isliye'
[01:52:42] [Server thread/INFO]: [Not Secure] <shikamaru2o> look here
[01:52:47] [Server thread/INFO]: [Not Secure] <shikamaru2o> he was clearing here
[01:52:57] [Server thread/INFO]: [Not Secure] <SamWise> aur ek chiz bolun joash
[01:53:04] [Server thread/INFO]: [Not Secure] <SamWise> in logon mein incest chaltay
[01:53:07] [Server thread/INFO]: [Not Secure] <blankslope> wht
[01:53:12] [Server thread/INFO]: [Not Secure] <blankslope> mtlb
[01:53:20] [Server thread/INFO]: [Not Secure] <shikamaru2o> incest hi toh hora hai
[01:53:36] [Server thread/INFO]: [Not Secure] <SamWise> yrr isko sabh samjhana padta
[01:53:46] [Server thread/INFO]: [Not Secure] <SamWise> joash can u keep it running all night long
[01:53:51] [Server thread/INFO]: [Not Secure] <shikamaru2o> u dk what incest means?
[01:54:10] [Server thread/INFO]: [Not Secure] <blankslope> no
[01:54:42] [Server thread/INFO]: [Not Secure] <shikamaru2o> having sexual relationships with lets say like sister or cousin or mom etc
[01:54:48] [Server thread/INFO]: [Not Secure] <shikamaru2o> blood relation
[01:54:51] [Server thread/INFO]: [Not Secure] <blankslope> tf
[01:55:30] [Server thread/INFO]: [Not Secure] <shikamaru2o> toh tu notice kar yeh villagers bhi toh wohi kar rahe hai
[01:55:58] [Server thread/INFO]: [Not Secure] <SamWise> can the server run all night i wann be afk
[01:56:48] [Server thread/INFO]: [Not Secure] <blankslope> ill push
[01:56:54] [Server thread/INFO]: [Not Secure] <blankslope> tu host kr
[01:57:14] [Server thread/INFO]: [Not Secure] <SamWise> anvil toota toh naya banana padega
[01:57:17] [Server thread/INFO]: [Not Secure] <shikamaru2o> sameep i got lots of music discs from my journey
[01:57:20] [Server thread/INFO]: [Not Secure] <SamWise> whats ur level btw
[01:57:23] [Server thread/INFO]: [Not Secure] <SamWise> joel
[01:57:26] [Server thread/INFO]: [Not Secure] <shikamaru2o> 28
[01:57:29] [Server thread/INFO]: [Not Secure] <shikamaru2o> u?
[01:57:47] [Server thread/INFO]: SamWise lost connection: Disconnected
[01:57:47] [Server thread/INFO]: SamWise left the game
[01:57:47] [Server thread/WARN]: handleDisconnection() called twice
[01:57:49] [Server thread/INFO]: shikamaru2o lost connection: Disconnected
[01:57:49] [Server thread/INFO]: shikamaru2o left the game
[01:57:49] [Netty NIO IO #6/WARN]: Failed to deliver packet, sending fallback clientbound/minecraft:system_chat
io.netty.channel.StacklessClosedChannelException
	at io.netty.channel.AbstractChannel.close(ChannelPromise)(Unknown Source)
[01:59:59] [Server thread/INFO]: Set minecraft:overworld to time marker minecraft:day
[02:01:01] [Server thread/WARN]: Can't keep up! Is the server overloaded? Running 2000ms or 40 ticks behind
[02:01:22] [Server thread/WARN]: Can't keep up! Is the server overloaded? Running 2007ms or 40 ticks behind
[02:03:20] [Server thread/INFO]: blankslope lost connection: Disconnected
[02:03:20] [Server thread/INFO]: blankslope left the game
[02:04:20] [Server thread/INFO]: Server empty for 60 seconds, pausing
[02:04:52] [Server thread/INFO]: Stopping the server
[02:04:52] [Server thread/INFO]: Stopping server
[02:04:52] [Server thread/INFO]: Saving players
[02:04:52] [Server thread/INFO]: Saving worlds
[02:04:52] [Server thread/INFO]: Saving chunks for level 'ServerLevel[world]'/minecraft:overworld
[02:04:52] [Server thread/INFO]: Saving chunks for level 'ServerLevel[world]'/minecraft:the_nether
[02:04:52] [Server thread/INFO]: Saving chunks for level 'ServerLevel[world]'/minecraft:the_end
[02:04:52] [Server thread/INFO]: ThreadedAnvilChunkStorage (world): All chunks are saved
[02:04:52] [Server thread/INFO]: ThreadedAnvilChunkStorage (DIM-1): All chunks are saved
[02:04:52] [Server thread/INFO]: ThreadedAnvilChunkStorage (DIM1): All chunks are saved
[02:04:52] [Server thread/INFO]: ThreadedAnvilChunkStorage: All dimensions are saved
